<?xml version="1.0" encoding="UTF-8"?>
<!-- Generated by org.testng.reporters.JUnitReportReporter -->
<testsuite hostname="Ameet" failures="0" tests="23" name="testcases.pharmacy_testcase" time="0.034" errors="2" timestamp="2024-08-28T18:16:42 IST" skipped="21">
  <testcase classname="testcases.pharmacy_testcase" name="initBrowser" time="0.029">
    <error message="Cannot invoke &quot;java.util.Map.get(Object)&quot; because &quot;this.configData&quot; is null" type="java.lang.NullPointerException">
      <![CDATA[java.lang.NullPointerException: Cannot invoke "java.util.Map.get(Object)" because "this.configData" is null
at testcases.pharmacy_testcase.initBrowser(pharmacy_testcase.java:38)
at java.base/jdk.internal.reflect.NativeMethodAccessorImpl.invoke0(Native Method)
at java.base/jdk.internal.reflect.NativeMethodAccessorImpl.invoke(NativeMethodAccessorImpl.java:77)
at java.base/jdk.internal.reflect.DelegatingMethodAccessorImpl.invoke(DelegatingMethodAccessorImpl.java:43)
at java.base/java.lang.reflect.Method.invoke(Method.java:568)
at org.testng.internal.invokers.MethodInvocationHelper.invokeMethod(MethodInvocationHelper.java:139)
at org.testng.internal.invokers.MethodInvocationHelper.invokeMethodConsideringTimeout(MethodInvocationHelper.java:69)
at org.testng.internal.invokers.ConfigInvoker.invokeConfigurationMethod(ConfigInvoker.java:390)
at org.testng.internal.invokers.ConfigInvoker.invokeConfigurations(ConfigInvoker.java:325)
at org.testng.internal.invokers.TestMethodWorker.invokeBeforeClassMethods(TestMethodWorker.java:180)
at org.testng.internal.invokers.TestMethodWorker.run(TestMethodWorker.java:122)
at java.base/java.util.concurrent.ThreadPoolExecutor.runWorker(ThreadPoolExecutor.java:1136)
at java.base/java.util.concurrent.ThreadPoolExecutor$Worker.run(ThreadPoolExecutor.java:635)
at java.base/java.lang.Thread.run(Thread.java:833)
]]>
    </error>
  </testcase> <!-- initBrowser -->
  <testcase classname="testcases.pharmacy_testcase" name="tearDown" time="0.001">
    <error message="Cannot invoke &quot;org.openqa.selenium.WebDriver.quit()&quot; because &quot;this.driver&quot; is null" type="java.lang.NullPointerException">
      <![CDATA[java.lang.NullPointerException: Cannot invoke "org.openqa.selenium.WebDriver.quit()" because "this.driver" is null
at coreUtilities.testbase.TestBase.browserTearDown(TestBase.java:111)
at testcases.pharmacy_testcase.tearDown(pharmacy_testcase.java:430)
at java.base/jdk.internal.reflect.NativeMethodAccessorImpl.invoke0(Native Method)
at java.base/jdk.internal.reflect.NativeMethodAccessorImpl.invoke(NativeMethodAccessorImpl.java:77)
at java.base/jdk.internal.reflect.DelegatingMethodAccessorImpl.invoke(DelegatingMethodAccessorImpl.java:43)
at java.base/java.lang.reflect.Method.invoke(Method.java:568)
at org.testng.internal.invokers.MethodInvocationHelper.invokeMethod(MethodInvocationHelper.java:139)
at org.testng.internal.invokers.MethodInvocationHelper.invokeMethodConsideringTimeout(MethodInvocationHelper.java:69)
at org.testng.internal.invokers.ConfigInvoker.invokeConfigurationMethod(ConfigInvoker.java:390)
at org.testng.internal.invokers.ConfigInvoker.invokeConfigurations(ConfigInvoker.java:325)
at org.testng.internal.invokers.TestMethodWorker.invokeAfterClassConfigurations(TestMethodWorker.java:229)
at org.testng.internal.invokers.TestMethodWorker.invokeAfterClassMethods(TestMethodWorker.java:215)
at org.testng.internal.invokers.TestMethodWorker.run(TestMethodWorker.java:131)
at java.base/java.util.concurrent.ThreadPoolExecutor.runWorker(ThreadPoolExecutor.java:1136)
at java.base/java.util.concurrent.ThreadPoolExecutor$Worker.run(ThreadPoolExecutor.java:635)
at java.base/java.lang.Thread.run(Thread.java:833)
]]>
    </error>
  </testcase> <!-- tearDown -->
  <testcase classname="testcases.pharmacy_testcase" name="verifyTitleOfTheHomePage" time="0.002">
    <skipped/>
  </testcase> <!-- verifyTitleOfTheHomePage -->
  <testcase classname="testcases.pharmacy_testcase" name="verifyPharmacyModule" time="0.000">
    <skipped/>
  </testcase> <!-- verifyPharmacyModule -->
  <testcase classname="testcases.pharmacy_testcase" name="verifyPharmacySubModules" time="0.000">
    <skipped/>
  </testcase> <!-- verifyPharmacySubModules -->
  <testcase classname="testcases.pharmacy_testcase" name="verifyElementsUnderOrderTab" time="0.000">
    <skipped/>
  </testcase> <!-- verifyElementsUnderOrderTab -->
  <testcase classname="testcases.pharmacy_testcase" name="verifyNavigationToAnotherSubModuleAfterOpeningTheOrderSection" time="0.000">
    <skipped/>
  </testcase> <!-- verifyNavigationToAnotherSubModuleAfterOpeningTheOrderSection -->
  <testcase classname="testcases.pharmacy_testcase" name="verifyErrorMessageOnPrintingGoodReceiptWithoutDetails" time="0.000">
    <skipped/>
  </testcase> <!-- verifyErrorMessageOnPrintingGoodReceiptWithoutDetails -->
  <testcase classname="testcases.pharmacy_testcase" name="addNewGoodReceipt" time="0.000">
    <skipped/>
  </testcase> <!-- addNewGoodReceipt -->
  <testcase classname="testcases.pharmacy_testcase" name="verifyAddedGoodReceipt" time="0.000">
    <skipped/>
  </testcase> <!-- verifyAddedGoodReceipt -->
  <testcase classname="testcases.pharmacy_testcase" name="verifyDataIsAsPerAppliedDateFilter" time="0.000">
    <skipped/>
  </testcase> <!-- verifyDataIsAsPerAppliedDateFilter -->
  <testcase classname="testcases.pharmacy_testcase" name="verifySearchResultDisplayedInTable" time="0.000">
    <skipped/>
  </testcase> <!-- verifySearchResultDisplayedInTable -->
  <testcase classname="testcases.pharmacy_testcase" name="performScrollOperation" time="0.000">
    <skipped/>
  </testcase> <!-- performScrollOperation -->
  <testcase classname="testcases.pharmacy_testcase" name="verifyToolTipText" time="0.000">
    <skipped/>
  </testcase> <!-- verifyToolTipText -->
  <testcase classname="testcases.pharmacy_testcase" name="verifyRecordsAccordingToSelectedSupplier" time="0.000">
    <skipped/>
  </testcase> <!-- verifyRecordsAccordingToSelectedSupplier -->
  <testcase classname="testcases.pharmacy_testcase" name="verifyUpdateOfExistingGoodReceipt" time="0.000">
    <skipped/>
  </testcase> <!-- verifyUpdateOfExistingGoodReceipt -->
  <testcase classname="testcases.pharmacy_testcase" name="verifyGoodReceiptRadioButtonsAreSelectable" time="0.001">
    <skipped/>
  </testcase> <!-- verifyGoodReceiptRadioButtonsAreSelectable -->
  <testcase classname="testcases.pharmacy_testcase" name="cancelRecordAndVerifyCancellation" time="0.001">
    <skipped/>
  </testcase> <!-- cancelRecordAndVerifyCancellation -->
  <testcase classname="testcases.pharmacy_testcase" name="verifyPurchaseOrderDataAfterApplyingDateFilter" time="0.000">
    <skipped/>
  </testcase> <!-- verifyPurchaseOrderDataAfterApplyingDateFilter -->
  <testcase classname="testcases.pharmacy_testcase" name="exportGoodsReceiptData" time="0.000">
    <skipped/>
  </testcase> <!-- exportGoodsReceiptData -->
  <testcase classname="testcases.pharmacy_testcase" name="verifyRegisterPatientWithPhoto" time="0.000">
    <skipped/>
  </testcase> <!-- verifyRegisterPatientWithPhoto -->
  <testcase classname="testcases.pharmacy_testcase" name="verifyUploadedImageIsPresent" time="0.000">
    <skipped/>
  </testcase> <!-- verifyUploadedImageIsPresent -->
  <testcase classname="testcases.pharmacy_testcase" name="verifyUserIsOnTheSamePageAfterRefresh" time="0.000">
    <skipped/>
  </testcase> <!-- verifyUserIsOnTheSamePageAfterRefresh -->
</testsuite> <!-- testcases.pharmacy_testcase -->
